<?xml version="1.0" encoding="UTF-8"?>
<testsuite xmlns:xsi="http://www.w3.org/2001/XMLSchema-instance" xsi:noNamespaceSchemaLocation="https://maven.apache.org/surefire/maven-surefire-plugin/xsd/surefire-test-report.xsd" name="com.example.blog.OssTest" time="9.032" tests="1" errors="0" skipped="0" failures="0">
  <properties>
    <property name="sun.desktop" value="windows"/>
    <property name="awt.toolkit" value="sun.awt.windows.WToolkit"/>
    <property name="file.encoding.pkg" value="sun.io"/>
    <property name="java.specification.version" value="1.8"/>
    <property name="sun.cpu.isalist" value="amd64"/>
    <property name="sun.jnu.encoding" value="GBK"/>
    <property name="java.class.path" value="F:\java_code\MyBlog\blog\target\test-classes;F:\java_code\MyBlog\blog\target\classes;F:\java_code\MyBlog\Blog-framework\target\framework-0.0.1-SNAPSHOT.jar;D:\maven\maven-lib\org\springframework\boot\spring-boot-configuration-processor\2.5.0\spring-boot-configuration-processor-2.5.0.jar;D:\maven\maven-lib\com\qiniu\qiniu-java-sdk\7.12.1\qiniu-java-sdk-7.12.1.jar;D:\maven\maven-lib\org\projectlombok\lombok\1.18.20\lombok-1.18.20.jar;D:\maven\maven-lib\com\squareup\okhttp3\okhttp\3.14.9\okhttp-3.14.9.jar;D:\maven\maven-lib\com\squareup\okio\okio\1.17.2\okio-1.17.2.jar;D:\maven\maven-lib\com\google\code\gson\gson\2.8.6\gson-2.8.6.jar;D:\maven\maven-lib\org\springframework\security\spring-security-test\5.5.0\spring-security-test-5.5.0.jar;D:\maven\maven-lib\org\springframework\security\spring-security-core\5.5.0\spring-security-core-5.5.0.jar;D:\maven\maven-lib\org\springframework\spring-beans\5.3.7\spring-beans-5.3.7.jar;D:\maven\maven-lib\org\springframework\spring-context\5.3.7\spring-context-5.3.7.jar;D:\maven\maven-lib\org\springframework\spring-expression\5.3.7\spring-expression-5.3.7.jar;D:\maven\maven-lib\org\springframework\security\spring-security-crypto\5.5.0\spring-security-crypto-5.5.0.jar;D:\maven\maven-lib\org\springframework\security\spring-security-web\5.5.0\spring-security-web-5.5.0.jar;D:\maven\maven-lib\org\springframework\spring-core\5.3.7\spring-core-5.3.7.jar;D:\maven\maven-lib\org\springframework\spring-jcl\5.3.7\spring-jcl-5.3.7.jar;D:\maven\maven-lib\org\springframework\spring-test\5.3.7\spring-test-5.3.7.jar;D:\maven\maven-lib\org\springframework\boot\spring-boot-starter-security\2.5.0\spring-boot-starter-security-2.5.0.jar;D:\maven\maven-lib\org\springframework\boot\spring-boot-starter\2.5.0\spring-boot-starter-2.5.0.jar;D:\maven\maven-lib\org\springframework\boot\spring-boot\2.5.0\spring-boot-2.5.0.jar;D:\maven\maven-lib\org\springframework\boot\spring-boot-starter-logging\2.5.0\spring-boot-starter-logging-2.5.0.jar;D:\maven\maven-lib\ch\qos\logback\logback-classic\1.2.3\logback-classic-1.2.3.jar;D:\maven\maven-lib\ch\qos\logback\logback-core\1.2.3\logback-core-1.2.3.jar;D:\maven\maven-lib\org\apache\logging\log4j\log4j-to-slf4j\2.14.1\log4j-to-slf4j-2.14.1.jar;D:\maven\maven-lib\org\apache\logging\log4j\log4j-api\2.14.1\log4j-api-2.14.1.jar;D:\maven\maven-lib\org\slf4j\jul-to-slf4j\1.7.30\jul-to-slf4j-1.7.30.jar;D:\maven\maven-lib\jakarta\annotation\jakarta.annotation-api\1.3.5\jakarta.annotation-api-1.3.5.jar;D:\maven\maven-lib\org\yaml\snakeyaml\1.28\snakeyaml-1.28.jar;D:\maven\maven-lib\org\springframework\spring-aop\5.3.7\spring-aop-5.3.7.jar;D:\maven\maven-lib\org\springframework\security\spring-security-config\5.5.0\spring-security-config-5.5.0.jar;D:\maven\maven-lib\org\jetbrains\kotlin\kotlin-stdlib-jdk8\1.5.0\kotlin-stdlib-jdk8-1.5.0.jar;D:\maven\maven-lib\org\jetbrains\kotlin\kotlin-stdlib\1.5.0\kotlin-stdlib-1.5.0.jar;D:\maven\maven-lib\org\jetbrains\annotations\13.0\annotations-13.0.jar;D:\maven\maven-lib\org\jetbrains\kotlin\kotlin-stdlib-common\1.5.0\kotlin-stdlib-common-1.5.0.jar;D:\maven\maven-lib\org\jetbrains\kotlin\kotlin-stdlib-jdk7\1.5.0\kotlin-stdlib-jdk7-1.5.0.jar;D:\maven\maven-lib\org\springframework\boot\spring-boot-starter-web\2.5.0\spring-boot-starter-web-2.5.0.jar;D:\maven\maven-lib\org\springframework\boot\spring-boot-starter-json\2.5.0\spring-boot-starter-json-2.5.0.jar;D:\maven\maven-lib\com\fasterxml\jackson\datatype\jackson-datatype-jdk8\2.12.3\jackson-datatype-jdk8-2.12.3.jar;D:\maven\maven-lib\com\fasterxml\jackson\datatype\jackson-datatype-jsr310\2.12.3\jackson-datatype-jsr310-2.12.3.jar;D:\maven\maven-lib\com\fasterxml\jackson\module\jackson-module-parameter-names\2.12.3\jackson-module-parameter-names-2.12.3.jar;D:\maven\maven-lib\org\springframework\boot\spring-boot-starter-tomcat\2.5.0\spring-boot-starter-tomcat-2.5.0.jar;D:\maven\maven-lib\org\apache\tomcat\embed\tomcat-embed-el\9.0.46\tomcat-embed-el-9.0.46.jar;D:\maven\maven-lib\org\apache\tomcat\embed\tomcat-embed-websocket\9.0.46\tomcat-embed-websocket-9.0.46.jar;D:\maven\maven-lib\org\springframework\spring-web\5.3.7\spring-web-5.3.7.jar;D:\maven\maven-lib\org\springframework\spring-webmvc\5.3.7\spring-webmvc-5.3.7.jar;D:\maven\maven-lib\org\springframework\boot\spring-boot-starter-test\2.5.0\spring-boot-starter-test-2.5.0.jar;D:\maven\maven-lib\org\springframework\boot\spring-boot-test\2.5.0\spring-boot-test-2.5.0.jar;D:\maven\maven-lib\org\springframework\boot\spring-boot-test-autoconfigure\2.5.0\spring-boot-test-autoconfigure-2.5.0.jar;D:\maven\maven-lib\com\jayway\jsonpath\json-path\2.5.0\json-path-2.5.0.jar;D:\maven\maven-lib\net\minidev\json-smart\2.4.7\json-smart-2.4.7.jar;D:\maven\maven-lib\net\minidev\accessors-smart\2.4.7\accessors-smart-2.4.7.jar;D:\maven\maven-lib\jakarta\xml\bind\jakarta.xml.bind-api\2.3.3\jakarta.xml.bind-api-2.3.3.jar;D:\maven\maven-lib\jakarta\activation\jakarta.activation-api\1.2.2\jakarta.activation-api-1.2.2.jar;D:\maven\maven-lib\org\assertj\assertj-core\3.19.0\assertj-core-3.19.0.jar;D:\maven\maven-lib\org\hamcrest\hamcrest\2.2\hamcrest-2.2.jar;D:\maven\maven-lib\org\junit\jupiter\junit-jupiter\5.7.2\junit-jupiter-5.7.2.jar;D:\maven\maven-lib\org\junit\jupiter\junit-jupiter-api\5.7.2\junit-jupiter-api-5.7.2.jar;D:\maven\maven-lib\org\apiguardian\apiguardian-api\1.1.0\apiguardian-api-1.1.0.jar;D:\maven\maven-lib\org\opentest4j\opentest4j\1.2.0\opentest4j-1.2.0.jar;D:\maven\maven-lib\org\junit\platform\junit-platform-commons\1.7.2\junit-platform-commons-1.7.2.jar;D:\maven\maven-lib\org\junit\jupiter\junit-jupiter-params\5.7.2\junit-jupiter-params-5.7.2.jar;D:\maven\maven-lib\org\junit\jupiter\junit-jupiter-engine\5.7.2\junit-jupiter-engine-5.7.2.jar;D:\maven\maven-lib\org\junit\platform\junit-platform-engine\1.7.2\junit-platform-engine-1.7.2.jar;D:\maven\maven-lib\org\mockito\mockito-core\3.9.0\mockito-core-3.9.0.jar;D:\maven\maven-lib\net\bytebuddy\byte-buddy\1.10.22\byte-buddy-1.10.22.jar;D:\maven\maven-lib\net\bytebuddy\byte-buddy-agent\1.10.22\byte-buddy-agent-1.10.22.jar;D:\maven\maven-lib\org\objenesis\objenesis\3.2\objenesis-3.2.jar;D:\maven\maven-lib\org\mockito\mockito-junit-jupiter\3.9.0\mockito-junit-jupiter-3.9.0.jar;D:\maven\maven-lib\org\skyscreamer\jsonassert\1.5.0\jsonassert-1.5.0.jar;D:\maven\maven-lib\com\vaadin\external\google\android-json\0.0.20131108.vaadin1\android-json-0.0.20131108.vaadin1.jar;D:\maven\maven-lib\org\xmlunit\xmlunit-core\2.8.2\xmlunit-core-2.8.2.jar;D:\maven\maven-lib\org\springframework\boot\spring-boot-starter-data-redis\2.5.0\spring-boot-starter-data-redis-2.5.0.jar;D:\maven\maven-lib\org\springframework\data\spring-data-redis\2.5.1\spring-data-redis-2.5.1.jar;D:\maven\maven-lib\org\springframework\data\spring-data-keyvalue\2.5.1\spring-data-keyvalue-2.5.1.jar;D:\maven\maven-lib\org\springframework\data\spring-data-commons\2.5.1\spring-data-commons-2.5.1.jar;D:\maven\maven-lib\org\springframework\spring-tx\5.3.7\spring-tx-5.3.7.jar;D:\maven\maven-lib\org\springframework\spring-oxm\5.3.7\spring-oxm-5.3.7.jar;D:\maven\maven-lib\org\springframework\spring-context-support\5.3.7\spring-context-support-5.3.7.jar;D:\maven\maven-lib\io\lettuce\lettuce-core\6.1.2.RELEASE\lettuce-core-6.1.2.RELEASE.jar;D:\maven\maven-lib\io\netty\netty-common\4.1.65.Final\netty-common-4.1.65.Final.jar;D:\maven\maven-lib\io\netty\netty-handler\4.1.65.Final\netty-handler-4.1.65.Final.jar;D:\maven\maven-lib\io\netty\netty-resolver\4.1.65.Final\netty-resolver-4.1.65.Final.jar;D:\maven\maven-lib\io\netty\netty-buffer\4.1.65.Final\netty-buffer-4.1.65.Final.jar;D:\maven\maven-lib\io\netty\netty-codec\4.1.65.Final\netty-codec-4.1.65.Final.jar;D:\maven\maven-lib\io\netty\netty-transport\4.1.65.Final\netty-transport-4.1.65.Final.jar;D:\maven\maven-lib\io\projectreactor\reactor-core\3.4.6\reactor-core-3.4.6.jar;D:\maven\maven-lib\org\reactivestreams\reactive-streams\1.0.3\reactive-streams-1.0.3.jar;D:\maven\maven-lib\org\apache\commons\commons-pool2\2.9.0\commons-pool2-2.9.0.jar;D:\maven\maven-lib\com\alibaba\fastjson\1.2.33\fastjson-1.2.33.jar;D:\maven\maven-lib\io\jsonwebtoken\jjwt\0.9.0\jjwt-0.9.0.jar;D:\maven\maven-lib\com\fasterxml\jackson\core\jackson-databind\2.12.3\jackson-databind-2.12.3.jar;D:\maven\maven-lib\com\fasterxml\jackson\core\jackson-annotations\2.12.3\jackson-annotations-2.12.3.jar;D:\maven\maven-lib\com\fasterxml\jackson\core\jackson-core\2.12.3\jackson-core-2.12.3.jar;D:\maven\maven-lib\com\baomidou\mybatis-plus-boot-starter\3.4.3\mybatis-plus-boot-starter-3.4.3.jar;D:\maven\maven-lib\com\baomidou\mybatis-plus\3.4.3\mybatis-plus-3.4.3.jar;D:\maven\maven-lib\com\baomidou\mybatis-plus-extension\3.4.3\mybatis-plus-extension-3.4.3.jar;D:\maven\maven-lib\com\baomidou\mybatis-plus-core\3.4.3\mybatis-plus-core-3.4.3.jar;D:\maven\maven-lib\com\baomidou\mybatis-plus-annotation\3.4.3\mybatis-plus-annotation-3.4.3.jar;D:\maven\maven-lib\com\github\jsqlparser\jsqlparser\4.0\jsqlparser-4.0.jar;D:\maven\maven-lib\org\mybatis\mybatis\3.5.7\mybatis-3.5.7.jar;D:\maven\maven-lib\org\mybatis\mybatis-spring\2.0.6\mybatis-spring-2.0.6.jar;D:\maven\maven-lib\org\springframework\boot\spring-boot-autoconfigure\2.5.0\spring-boot-autoconfigure-2.5.0.jar;D:\maven\maven-lib\org\springframework\boot\spring-boot-starter-jdbc\2.5.0\spring-boot-starter-jdbc-2.5.0.jar;D:\maven\maven-lib\com\zaxxer\HikariCP\4.0.3\HikariCP-4.0.3.jar;D:\maven\maven-lib\org\springframework\spring-jdbc\5.3.7\spring-jdbc-5.3.7.jar;D:\maven\maven-lib\mysql\mysql-connector-java\8.0.25\mysql-connector-java-8.0.25.jar;D:\maven\maven-lib\com\aliyun\oss\aliyun-sdk-oss\3.10.2\aliyun-sdk-oss-3.10.2.jar;D:\maven\maven-lib\org\apache\httpcomponents\httpclient\4.5.13\httpclient-4.5.13.jar;D:\maven\maven-lib\org\apache\httpcomponents\httpcore\4.4.14\httpcore-4.4.14.jar;D:\maven\maven-lib\commons-codec\commons-codec\1.15\commons-codec-1.15.jar;D:\maven\maven-lib\org\jdom\jdom2\2.0.6\jdom2-2.0.6.jar;D:\maven\maven-lib\org\codehaus\jettison\jettison\1.1\jettison-1.1.jar;D:\maven\maven-lib\stax\stax-api\1.0.1\stax-api-1.0.1.jar;D:\maven\maven-lib\com\aliyun\aliyun-java-sdk-core\3.4.0\aliyun-java-sdk-core-3.4.0.jar;D:\maven\maven-lib\com\aliyun\aliyun-java-sdk-ram\3.0.0\aliyun-java-sdk-ram-3.0.0.jar;D:\maven\maven-lib\com\aliyun\aliyun-java-sdk-sts\3.0.0\aliyun-java-sdk-sts-3.0.0.jar;D:\maven\maven-lib\com\aliyun\aliyun-java-sdk-ecs\4.2.0\aliyun-java-sdk-ecs-4.2.0.jar;D:\maven\maven-lib\com\aliyun\aliyun-java-sdk-kms\2.7.0\aliyun-java-sdk-kms-2.7.0.jar;D:\maven\maven-lib\org\springframework\boot\spring-boot-starter-aop\2.5.0\spring-boot-starter-aop-2.5.0.jar;D:\maven\maven-lib\org\aspectj\aspectjweaver\1.9.6\aspectjweaver-1.9.6.jar;D:\maven\maven-lib\com\alibaba\easyexcel\3.0.5\easyexcel-3.0.5.jar;D:\maven\maven-lib\org\apache\poi\poi\4.1.2\poi-4.1.2.jar;D:\maven\maven-lib\org\apache\commons\commons-collections4\4.4\commons-collections4-4.4.jar;D:\maven\maven-lib\org\apache\commons\commons-math3\3.6.1\commons-math3-3.6.1.jar;D:\maven\maven-lib\com\zaxxer\SparseBitSet\1.2\SparseBitSet-1.2.jar;D:\maven\maven-lib\org\apache\poi\poi-ooxml\4.1.2\poi-ooxml-4.1.2.jar;D:\maven\maven-lib\org\apache\commons\commons-compress\1.19\commons-compress-1.19.jar;D:\maven\maven-lib\com\github\virtuald\curvesapi\1.06\curvesapi-1.06.jar;D:\maven\maven-lib\org\apache\poi\poi-ooxml-schemas\4.1.2\poi-ooxml-schemas-4.1.2.jar;D:\maven\maven-lib\org\apache\xmlbeans\xmlbeans\3.1.0\xmlbeans-3.1.0.jar;D:\maven\maven-lib\org\apache\commons\commons-csv\1.8\commons-csv-1.8.jar;D:\maven\maven-lib\cglib\cglib\3.3.0\cglib-3.3.0.jar;D:\maven\maven-lib\org\ow2\asm\asm\7.1\asm-7.1.jar;D:\maven\maven-lib\org\slf4j\slf4j-api\1.7.30\slf4j-api-1.7.30.jar;D:\maven\maven-lib\org\ehcache\ehcache\3.9.3\ehcache-3.9.3.jar;D:\maven\maven-lib\io\springfox\springfox-swagger2\2.9.2\springfox-swagger2-2.9.2.jar;D:\maven\maven-lib\io\swagger\swagger-annotations\1.5.20\swagger-annotations-1.5.20.jar;D:\maven\maven-lib\io\swagger\swagger-models\1.5.20\swagger-models-1.5.20.jar;D:\maven\maven-lib\io\springfox\springfox-spi\2.9.2\springfox-spi-2.9.2.jar;D:\maven\maven-lib\io\springfox\springfox-core\2.9.2\springfox-core-2.9.2.jar;D:\maven\maven-lib\io\springfox\springfox-schema\2.9.2\springfox-schema-2.9.2.jar;D:\maven\maven-lib\io\springfox\springfox-swagger-common\2.9.2\springfox-swagger-common-2.9.2.jar;D:\maven\maven-lib\io\springfox\springfox-spring-web\2.9.2\springfox-spring-web-2.9.2.jar;D:\maven\maven-lib\com\google\guava\guava\20.0\guava-20.0.jar;D:\maven\maven-lib\com\fasterxml\classmate\1.5.1\classmate-1.5.1.jar;D:\maven\maven-lib\org\springframework\plugin\spring-plugin-core\1.2.0.RELEASE\spring-plugin-core-1.2.0.RELEASE.jar;D:\maven\maven-lib\org\springframework\plugin\spring-plugin-metadata\1.2.0.RELEASE\spring-plugin-metadata-1.2.0.RELEASE.jar;D:\maven\maven-lib\org\mapstruct\mapstruct\1.2.0.Final\mapstruct-1.2.0.Final.jar;D:\maven\maven-lib\io\springfox\springfox-swagger-ui\2.9.2\springfox-swagger-ui-2.9.2.jar;D:\maven\maven-lib\org\apache\tomcat\embed\tomcat-embed-core\9.0.46\tomcat-embed-core-9.0.46.jar;D:\maven\maven-lib\org\apache\tomcat\tomcat-annotations-api\9.0.46\tomcat-annotations-api-9.0.46.jar;"/>
    <property name="java.vm.vendor" value="Amazon.com Inc."/>
    <property name="sun.arch.data.model" value="64"/>
    <property name="user.variant" value=""/>
    <property name="java.vendor.url" value="https://aws.amazon.com/corretto/"/>
    <property name="user.timezone" value="Asia/Shanghai"/>
    <property name="java.vm.specification.version" value="1.8"/>
    <property name="os.name" value="Windows 11"/>
    <property name="user.country" value="CN"/>
    <property name="sun.java.launcher" value="SUN_STANDARD"/>
    <property name="sun.boot.library.path" value="C:\Users\独自徘徊\.jdks\corretto-1.8.0_352\jre\bin"/>
    <property name="sun.java.command" value="C:\Users\独自徘徊\AppData\Local\Temp\surefire516853271639654720\surefirebooter4651782350780775939.jar C:\Users\独自徘徊\AppData\Local\Temp\surefire516853271639654720 2023-10-03T14-31-40_438-jvmRun1 surefire4708890899447885415tmp surefire_11544795546345723774tmp"/>
    <property name="surefire.test.class.path" value="F:\java_code\MyBlog\blog\target\test-classes;F:\java_code\MyBlog\blog\target\classes;F:\java_code\MyBlog\Blog-framework\target\framework-0.0.1-SNAPSHOT.jar;D:\maven\maven-lib\org\springframework\boot\spring-boot-configuration-processor\2.5.0\spring-boot-configuration-processor-2.5.0.jar;D:\maven\maven-lib\com\qiniu\qiniu-java-sdk\7.12.1\qiniu-java-sdk-7.12.1.jar;D:\maven\maven-lib\org\projectlombok\lombok\1.18.20\lombok-1.18.20.jar;D:\maven\maven-lib\com\squareup\okhttp3\okhttp\3.14.9\okhttp-3.14.9.jar;D:\maven\maven-lib\com\squareup\okio\okio\1.17.2\okio-1.17.2.jar;D:\maven\maven-lib\com\google\code\gson\gson\2.8.6\gson-2.8.6.jar;D:\maven\maven-lib\org\springframework\security\spring-security-test\5.5.0\spring-security-test-5.5.0.jar;D:\maven\maven-lib\org\springframework\security\spring-security-core\5.5.0\spring-security-core-5.5.0.jar;D:\maven\maven-lib\org\springframework\spring-beans\5.3.7\spring-beans-5.3.7.jar;D:\maven\maven-lib\org\springframework\spring-context\5.3.7\spring-context-5.3.7.jar;D:\maven\maven-lib\org\springframework\spring-expression\5.3.7\spring-expression-5.3.7.jar;D:\maven\maven-lib\org\springframework\security\spring-security-crypto\5.5.0\spring-security-crypto-5.5.0.jar;D:\maven\maven-lib\org\springframework\security\spring-security-web\5.5.0\spring-security-web-5.5.0.jar;D:\maven\maven-lib\org\springframework\spring-core\5.3.7\spring-core-5.3.7.jar;D:\maven\maven-lib\org\springframework\spring-jcl\5.3.7\spring-jcl-5.3.7.jar;D:\maven\maven-lib\org\springframework\spring-test\5.3.7\spring-test-5.3.7.jar;D:\maven\maven-lib\org\springframework\boot\spring-boot-starter-security\2.5.0\spring-boot-starter-security-2.5.0.jar;D:\maven\maven-lib\org\springframework\boot\spring-boot-starter\2.5.0\spring-boot-starter-2.5.0.jar;D:\maven\maven-lib\org\springframework\boot\spring-boot\2.5.0\spring-boot-2.5.0.jar;D:\maven\maven-lib\org\springframework\boot\spring-boot-starter-logging\2.5.0\spring-boot-starter-logging-2.5.0.jar;D:\maven\maven-lib\ch\qos\logback\logback-classic\1.2.3\logback-classic-1.2.3.jar;D:\maven\maven-lib\ch\qos\logback\logback-core\1.2.3\logback-core-1.2.3.jar;D:\maven\maven-lib\org\apache\logging\log4j\log4j-to-slf4j\2.14.1\log4j-to-slf4j-2.14.1.jar;D:\maven\maven-lib\org\apache\logging\log4j\log4j-api\2.14.1\log4j-api-2.14.1.jar;D:\maven\maven-lib\org\slf4j\jul-to-slf4j\1.7.30\jul-to-slf4j-1.7.30.jar;D:\maven\maven-lib\jakarta\annotation\jakarta.annotation-api\1.3.5\jakarta.annotation-api-1.3.5.jar;D:\maven\maven-lib\org\yaml\snakeyaml\1.28\snakeyaml-1.28.jar;D:\maven\maven-lib\org\springframework\spring-aop\5.3.7\spring-aop-5.3.7.jar;D:\maven\maven-lib\org\springframework\security\spring-security-config\5.5.0\spring-security-config-5.5.0.jar;D:\maven\maven-lib\org\jetbrains\kotlin\kotlin-stdlib-jdk8\1.5.0\kotlin-stdlib-jdk8-1.5.0.jar;D:\maven\maven-lib\org\jetbrains\kotlin\kotlin-stdlib\1.5.0\kotlin-stdlib-1.5.0.jar;D:\maven\maven-lib\org\jetbrains\annotations\13.0\annotations-13.0.jar;D:\maven\maven-lib\org\jetbrains\kotlin\kotlin-stdlib-common\1.5.0\kotlin-stdlib-common-1.5.0.jar;D:\maven\maven-lib\org\jetbrains\kotlin\kotlin-stdlib-jdk7\1.5.0\kotlin-stdlib-jdk7-1.5.0.jar;D:\maven\maven-lib\org\springframework\boot\spring-boot-starter-web\2.5.0\spring-boot-starter-web-2.5.0.jar;D:\maven\maven-lib\org\springframework\boot\spring-boot-starter-json\2.5.0\spring-boot-starter-json-2.5.0.jar;D:\maven\maven-lib\com\fasterxml\jackson\datatype\jackson-datatype-jdk8\2.12.3\jackson-datatype-jdk8-2.12.3.jar;D:\maven\maven-lib\com\fasterxml\jackson\datatype\jackson-datatype-jsr310\2.12.3\jackson-datatype-jsr310-2.12.3.jar;D:\maven\maven-lib\com\fasterxml\jackson\module\jackson-module-parameter-names\2.12.3\jackson-module-parameter-names-2.12.3.jar;D:\maven\maven-lib\org\springframework\boot\spring-boot-starter-tomcat\2.5.0\spring-boot-starter-tomcat-2.5.0.jar;D:\maven\maven-lib\org\apache\tomcat\embed\tomcat-embed-el\9.0.46\tomcat-embed-el-9.0.46.jar;D:\maven\maven-lib\org\apache\tomcat\embed\tomcat-embed-websocket\9.0.46\tomcat-embed-websocket-9.0.46.jar;D:\maven\maven-lib\org\springframework\spring-web\5.3.7\spring-web-5.3.7.jar;D:\maven\maven-lib\org\springframework\spring-webmvc\5.3.7\spring-webmvc-5.3.7.jar;D:\maven\maven-lib\org\springframework\boot\spring-boot-starter-test\2.5.0\spring-boot-starter-test-2.5.0.jar;D:\maven\maven-lib\org\springframework\boot\spring-boot-test\2.5.0\spring-boot-test-2.5.0.jar;D:\maven\maven-lib\org\springframework\boot\spring-boot-test-autoconfigure\2.5.0\spring-boot-test-autoconfigure-2.5.0.jar;D:\maven\maven-lib\com\jayway\jsonpath\json-path\2.5.0\json-path-2.5.0.jar;D:\maven\maven-lib\net\minidev\json-smart\2.4.7\json-smart-2.4.7.jar;D:\maven\maven-lib\net\minidev\accessors-smart\2.4.7\accessors-smart-2.4.7.jar;D:\maven\maven-lib\jakarta\xml\bind\jakarta.xml.bind-api\2.3.3\jakarta.xml.bind-api-2.3.3.jar;D:\maven\maven-lib\jakarta\activation\jakarta.activation-api\1.2.2\jakarta.activation-api-1.2.2.jar;D:\maven\maven-lib\org\assertj\assertj-core\3.19.0\assertj-core-3.19.0.jar;D:\maven\maven-lib\org\hamcrest\hamcrest\2.2\hamcrest-2.2.jar;D:\maven\maven-lib\org\junit\jupiter\junit-jupiter\5.7.2\junit-jupiter-5.7.2.jar;D:\maven\maven-lib\org\junit\jupiter\junit-jupiter-api\5.7.2\junit-jupiter-api-5.7.2.jar;D:\maven\maven-lib\org\apiguardian\apiguardian-api\1.1.0\apiguardian-api-1.1.0.jar;D:\maven\maven-lib\org\opentest4j\opentest4j\1.2.0\opentest4j-1.2.0.jar;D:\maven\maven-lib\org\junit\platform\junit-platform-commons\1.7.2\junit-platform-commons-1.7.2.jar;D:\maven\maven-lib\org\junit\jupiter\junit-jupiter-params\5.7.2\junit-jupiter-params-5.7.2.jar;D:\maven\maven-lib\org\junit\jupiter\junit-jupiter-engine\5.7.2\junit-jupiter-engine-5.7.2.jar;D:\maven\maven-lib\org\junit\platform\junit-platform-engine\1.7.2\junit-platform-engine-1.7.2.jar;D:\maven\maven-lib\org\mockito\mockito-core\3.9.0\mockito-core-3.9.0.jar;D:\maven\maven-lib\net\bytebuddy\byte-buddy\1.10.22\byte-buddy-1.10.22.jar;D:\maven\maven-lib\net\bytebuddy\byte-buddy-agent\1.10.22\byte-buddy-agent-1.10.22.jar;D:\maven\maven-lib\org\objenesis\objenesis\3.2\objenesis-3.2.jar;D:\maven\maven-lib\org\mockito\mockito-junit-jupiter\3.9.0\mockito-junit-jupiter-3.9.0.jar;D:\maven\maven-lib\org\skyscreamer\jsonassert\1.5.0\jsonassert-1.5.0.jar;D:\maven\maven-lib\com\vaadin\external\google\android-json\0.0.20131108.vaadin1\android-json-0.0.20131108.vaadin1.jar;D:\maven\maven-lib\org\xmlunit\xmlunit-core\2.8.2\xmlunit-core-2.8.2.jar;D:\maven\maven-lib\org\springframework\boot\spring-boot-starter-data-redis\2.5.0\spring-boot-starter-data-redis-2.5.0.jar;D:\maven\maven-lib\org\springframework\data\spring-data-redis\2.5.1\spring-data-redis-2.5.1.jar;D:\maven\maven-lib\org\springframework\data\spring-data-keyvalue\2.5.1\spring-data-keyvalue-2.5.1.jar;D:\maven\maven-lib\org\springframework\data\spring-data-commons\2.5.1\spring-data-commons-2.5.1.jar;D:\maven\maven-lib\org\springframework\spring-tx\5.3.7\spring-tx-5.3.7.jar;D:\maven\maven-lib\org\springframework\spring-oxm\5.3.7\spring-oxm-5.3.7.jar;D:\maven\maven-lib\org\springframework\spring-context-support\5.3.7\spring-context-support-5.3.7.jar;D:\maven\maven-lib\io\lettuce\lettuce-core\6.1.2.RELEASE\lettuce-core-6.1.2.RELEASE.jar;D:\maven\maven-lib\io\netty\netty-common\4.1.65.Final\netty-common-4.1.65.Final.jar;D:\maven\maven-lib\io\netty\netty-handler\4.1.65.Final\netty-handler-4.1.65.Final.jar;D:\maven\maven-lib\io\netty\netty-resolver\4.1.65.Final\netty-resolver-4.1.65.Final.jar;D:\maven\maven-lib\io\netty\netty-buffer\4.1.65.Final\netty-buffer-4.1.65.Final.jar;D:\maven\maven-lib\io\netty\netty-codec\4.1.65.Final\netty-codec-4.1.65.Final.jar;D:\maven\maven-lib\io\netty\netty-transport\4.1.65.Final\netty-transport-4.1.65.Final.jar;D:\maven\maven-lib\io\projectreactor\reactor-core\3.4.6\reactor-core-3.4.6.jar;D:\maven\maven-lib\org\reactivestreams\reactive-streams\1.0.3\reactive-streams-1.0.3.jar;D:\maven\maven-lib\org\apache\commons\commons-pool2\2.9.0\commons-pool2-2.9.0.jar;D:\maven\maven-lib\com\alibaba\fastjson\1.2.33\fastjson-1.2.33.jar;D:\maven\maven-lib\io\jsonwebtoken\jjwt\0.9.0\jjwt-0.9.0.jar;D:\maven\maven-lib\com\fasterxml\jackson\core\jackson-databind\2.12.3\jackson-databind-2.12.3.jar;D:\maven\maven-lib\com\fasterxml\jackson\core\jackson-annotations\2.12.3\jackson-annotations-2.12.3.jar;D:\maven\maven-lib\com\fasterxml\jackson\core\jackson-core\2.12.3\jackson-core-2.12.3.jar;D:\maven\maven-lib\com\baomidou\mybatis-plus-boot-starter\3.4.3\mybatis-plus-boot-starter-3.4.3.jar;D:\maven\maven-lib\com\baomidou\mybatis-plus\3.4.3\mybatis-plus-3.4.3.jar;D:\maven\maven-lib\com\baomidou\mybatis-plus-extension\3.4.3\mybatis-plus-extension-3.4.3.jar;D:\maven\maven-lib\com\baomidou\mybatis-plus-core\3.4.3\mybatis-plus-core-3.4.3.jar;D:\maven\maven-lib\com\baomidou\mybatis-plus-annotation\3.4.3\mybatis-plus-annotation-3.4.3.jar;D:\maven\maven-lib\com\github\jsqlparser\jsqlparser\4.0\jsqlparser-4.0.jar;D:\maven\maven-lib\org\mybatis\mybatis\3.5.7\mybatis-3.5.7.jar;D:\maven\maven-lib\org\mybatis\mybatis-spring\2.0.6\mybatis-spring-2.0.6.jar;D:\maven\maven-lib\org\springframework\boot\spring-boot-autoconfigure\2.5.0\spring-boot-autoconfigure-2.5.0.jar;D:\maven\maven-lib\org\springframework\boot\spring-boot-starter-jdbc\2.5.0\spring-boot-starter-jdbc-2.5.0.jar;D:\maven\maven-lib\com\zaxxer\HikariCP\4.0.3\HikariCP-4.0.3.jar;D:\maven\maven-lib\org\springframework\spring-jdbc\5.3.7\spring-jdbc-5.3.7.jar;D:\maven\maven-lib\mysql\mysql-connector-java\8.0.25\mysql-connector-java-8.0.25.jar;D:\maven\maven-lib\com\aliyun\oss\aliyun-sdk-oss\3.10.2\aliyun-sdk-oss-3.10.2.jar;D:\maven\maven-lib\org\apache\httpcomponents\httpclient\4.5.13\httpclient-4.5.13.jar;D:\maven\maven-lib\org\apache\httpcomponents\httpcore\4.4.14\httpcore-4.4.14.jar;D:\maven\maven-lib\commons-codec\commons-codec\1.15\commons-codec-1.15.jar;D:\maven\maven-lib\org\jdom\jdom2\2.0.6\jdom2-2.0.6.jar;D:\maven\maven-lib\org\codehaus\jettison\jettison\1.1\jettison-1.1.jar;D:\maven\maven-lib\stax\stax-api\1.0.1\stax-api-1.0.1.jar;D:\maven\maven-lib\com\aliyun\aliyun-java-sdk-core\3.4.0\aliyun-java-sdk-core-3.4.0.jar;D:\maven\maven-lib\com\aliyun\aliyun-java-sdk-ram\3.0.0\aliyun-java-sdk-ram-3.0.0.jar;D:\maven\maven-lib\com\aliyun\aliyun-java-sdk-sts\3.0.0\aliyun-java-sdk-sts-3.0.0.jar;D:\maven\maven-lib\com\aliyun\aliyun-java-sdk-ecs\4.2.0\aliyun-java-sdk-ecs-4.2.0.jar;D:\maven\maven-lib\com\aliyun\aliyun-java-sdk-kms\2.7.0\aliyun-java-sdk-kms-2.7.0.jar;D:\maven\maven-lib\org\springframework\boot\spring-boot-starter-aop\2.5.0\spring-boot-starter-aop-2.5.0.jar;D:\maven\maven-lib\org\aspectj\aspectjweaver\1.9.6\aspectjweaver-1.9.6.jar;D:\maven\maven-lib\com\alibaba\easyexcel\3.0.5\easyexcel-3.0.5.jar;D:\maven\maven-lib\org\apache\poi\poi\4.1.2\poi-4.1.2.jar;D:\maven\maven-lib\org\apache\commons\commons-collections4\4.4\commons-collections4-4.4.jar;D:\maven\maven-lib\org\apache\commons\commons-math3\3.6.1\commons-math3-3.6.1.jar;D:\maven\maven-lib\com\zaxxer\SparseBitSet\1.2\SparseBitSet-1.2.jar;D:\maven\maven-lib\org\apache\poi\poi-ooxml\4.1.2\poi-ooxml-4.1.2.jar;D:\maven\maven-lib\org\apache\commons\commons-compress\1.19\commons-compress-1.19.jar;D:\maven\maven-lib\com\github\virtuald\curvesapi\1.06\curvesapi-1.06.jar;D:\maven\maven-lib\org\apache\poi\poi-ooxml-schemas\4.1.2\poi-ooxml-schemas-4.1.2.jar;D:\maven\maven-lib\org\apache\xmlbeans\xmlbeans\3.1.0\xmlbeans-3.1.0.jar;D:\maven\maven-lib\org\apache\commons\commons-csv\1.8\commons-csv-1.8.jar;D:\maven\maven-lib\cglib\cglib\3.3.0\cglib-3.3.0.jar;D:\maven\maven-lib\org\ow2\asm\asm\7.1\asm-7.1.jar;D:\maven\maven-lib\org\slf4j\slf4j-api\1.7.30\slf4j-api-1.7.30.jar;D:\maven\maven-lib\org\ehcache\ehcache\3.9.3\ehcache-3.9.3.jar;D:\maven\maven-lib\io\springfox\springfox-swagger2\2.9.2\springfox-swagger2-2.9.2.jar;D:\maven\maven-lib\io\swagger\swagger-annotations\1.5.20\swagger-annotations-1.5.20.jar;D:\maven\maven-lib\io\swagger\swagger-models\1.5.20\swagger-models-1.5.20.jar;D:\maven\maven-lib\io\springfox\springfox-spi\2.9.2\springfox-spi-2.9.2.jar;D:\maven\maven-lib\io\springfox\springfox-core\2.9.2\springfox-core-2.9.2.jar;D:\maven\maven-lib\io\springfox\springfox-schema\2.9.2\springfox-schema-2.9.2.jar;D:\maven\maven-lib\io\springfox\springfox-swagger-common\2.9.2\springfox-swagger-common-2.9.2.jar;D:\maven\maven-lib\io\springfox\springfox-spring-web\2.9.2\springfox-spring-web-2.9.2.jar;D:\maven\maven-lib\com\google\guava\guava\20.0\guava-20.0.jar;D:\maven\maven-lib\com\fasterxml\classmate\1.5.1\classmate-1.5.1.jar;D:\maven\maven-lib\org\springframework\plugin\spring-plugin-core\1.2.0.RELEASE\spring-plugin-core-1.2.0.RELEASE.jar;D:\maven\maven-lib\org\springframework\plugin\spring-plugin-metadata\1.2.0.RELEASE\spring-plugin-metadata-1.2.0.RELEASE.jar;D:\maven\maven-lib\org\mapstruct\mapstruct\1.2.0.Final\mapstruct-1.2.0.Final.jar;D:\maven\maven-lib\io\springfox\springfox-swagger-ui\2.9.2\springfox-swagger-ui-2.9.2.jar;D:\maven\maven-lib\org\apache\tomcat\embed\tomcat-embed-core\9.0.46\tomcat-embed-core-9.0.46.jar;D:\maven\maven-lib\org\apache\tomcat\tomcat-annotations-api\9.0.46\tomcat-annotations-api-9.0.46.jar;"/>
    <property name="sun.cpu.endian" value="little"/>
    <property name="user.home" value="C:\Users\独自徘徊"/>
    <property name="user.language" value="zh"/>
    <property name="java.specification.vendor" value="Oracle Corporation"/>
    <property name="java.home" value="C:\Users\独自徘徊\.jdks\corretto-1.8.0_352\jre"/>
    <property name="basedir" value="F:\java_code\MyBlog\blog"/>
    <property name="file.separator" value="\"/>
    <property name="line.separator" value="&#10;"/>
    <property name="java.vm.specification.vendor" value="Oracle Corporation"/>
    <property name="java.specification.name" value="Java Platform API Specification"/>
    <property name="java.awt.graphicsenv" value="sun.awt.Win32GraphicsEnvironment"/>
    <property name="surefire.real.class.path" value="C:\Users\独自徘徊\AppData\Local\Temp\surefire516853271639654720\surefirebooter4651782350780775939.jar"/>
    <property name="sun.boot.class.path" value="C:\Users\独自徘徊\.jdks\corretto-1.8.0_352\jre\lib\resources.jar;C:\Users\独自徘徊\.jdks\corretto-1.8.0_352\jre\lib\rt.jar;C:\Users\独自徘徊\.jdks\corretto-1.8.0_352\jre\lib\sunrsasign.jar;C:\Users\独自徘徊\.jdks\corretto-1.8.0_352\jre\lib\jsse.jar;C:\Users\独自徘徊\.jdks\corretto-1.8.0_352\jre\lib\jce.jar;C:\Users\独自徘徊\.jdks\corretto-1.8.0_352\jre\lib\charsets.jar;C:\Users\独自徘徊\.jdks\corretto-1.8.0_352\jre\lib\jfr.jar;C:\Users\独自徘徊\.jdks\corretto-1.8.0_352\jre\classes"/>
    <property name="user.script" value=""/>
    <property name="sun.management.compiler" value="HotSpot 64-Bit Tiered Compilers"/>
    <property name="java.runtime.version" value="1.8.0_352-b08"/>
    <property name="user.name" value="独自徘徊"/>
    <property name="path.separator" value=";"/>
    <property name="os.version" value="10.0"/>
    <property name="java.endorsed.dirs" value="C:\Users\独自徘徊\.jdks\corretto-1.8.0_352\jre\lib\endorsed"/>
    <property name="java.runtime.name" value="OpenJDK Runtime Environment"/>
    <property name="file.encoding" value="GBK"/>
    <property name="java.vm.name" value="OpenJDK 64-Bit Server VM"/>
    <property name="localRepository" value="D:\maven\maven-lib"/>
    <property name="java.vendor.url.bug" value="https://github.com/corretto/corretto-8/issues/"/>
    <property name="java.io.tmpdir" value="C:\Users\独自徘徊\AppData\Local\Temp\"/>
    <property name="idea.version" value="2022.2.2"/>
    <property name="java.version" value="1.8.0_352"/>
    <property name="user.dir" value="F:\java_code\MyBlog\blog"/>
    <property name="os.arch" value="amd64"/>
    <property name="java.vm.specification.name" value="Java Virtual Machine Specification"/>
    <property name="java.awt.printerjob" value="sun.awt.windows.WPrinterJob"/>
    <property name="sun.os.patch.level" value=""/>
    <property name="java.library.path" value="C:\Users\独自徘徊\.jdks\corretto-1.8.0_352\jre\bin;C:\WINDOWS\Sun\Java\bin;C:\WINDOWS\system32;C:\WINDOWS;D:\VM\bin\;C:\Windows\system32;C:\Windows;C:\Windows\System32\Wbem;C:\Windows\System32\WindowsPowerShell\v1.0\;C:\Windows\System32\OpenSSH\;C:\Program Files (x86)\NVIDIA Corporation\PhysX\Common;C:\Program Files\NVIDIA Corporation\NVIDIA NvDLISR;C:\WINDOWS\system32;C:\WINDOWS;C:\WINDOWS\System32\Wbem;C:\WINDOWS\System32\WindowsPowerShell\v1.0\;C:\WINDOWS\System32\OpenSSH\;C:\Program Files\dotnet\;C:\Program Files\Microsoft SQL Server\150\Tools\Binn\;C:\Program Files\Microsoft SQL Server\Client SDK\ODBC\170\Tools\Binn\;D:\Git\Git\cmd;D:\web\mysql\mysql-8.0.30-winx64\bin;D:\maven\apache-maven-3.8.6\bin;D:\node;D:\node\node_global\node_modules;D:\jdk\jdk-19\bin;C:\Program Files\Common Files\Oracle\Java\javapath;D:\jdk\jdk-19\jre\bin;D:\tomcat\apache-tomcat-9.0.68\bin;D:\Xshell 7\;D:\Xftp 7\;D:\Matlab\bin;C:\Program Files\Docker\Docker\resources\bin;%NVM_HOME%;%NVM_SYMLINK%;C:\Python\Python311\Scripts\;C:\Python\Python311\;C:\Users\独自徘徊\AppData\Local\Microsoft\WindowsApps;C:\Users\独自徘徊\.dotnet\tools;D:\node\node_global;C:\Users\独自徘徊\AppData\Local\Programs\Microsoft VS Code\bin;C:\Users\独自徘徊\AppData\Local\JetBrains\Toolbox\scripts;C:\Users\独自徘徊\AppData\Local\GitHubDesktop\bin;F:\spring_boot_CLI\spring-boot-cli-3.0.2-bin\spring-3.0.2\bin;E:\nvm\nvm;C:\Program Files\nodejs;."/>
    <property name="java.vm.info" value="mixed mode"/>
    <property name="java.vendor" value="Amazon.com Inc."/>
    <property name="java.vm.version" value="25.352-b08"/>
    <property name="java.specification.maintenance.version" value="4"/>
    <property name="java.ext.dirs" value="C:\Users\独自徘徊\.jdks\corretto-1.8.0_352\jre\lib\ext;C:\WINDOWS\Sun\Java\lib\ext"/>
    <property name="sun.io.unicode.encoding" value="UnicodeLittle"/>
    <property name="java.class.version" value="52.0"/>
  </properties>
  <testcase name="testOss" classname="com.example.blog.OssTest" time="0.21"/>
</testsuite>